[2013-11-04 10:17:52] security.INFO: Populated SecurityContext with an anonymous Token [] []
[2013-11-04 10:17:52] request.ERROR: Symfony\Component\HttpKernel\Exception\NotFoundHttpException: No route found for "GET /stylesheet" (uncaught exception) at /home/desarrollo/Documentos/src/matilti/vendor/symfony/src/Symfony/Bundle/FrameworkBundle/EventListener/RouterListener.php line 83 [] []
[2013-11-04 10:17:52] security.INFO: Populated SecurityContext with an anonymous Token [] []
[2013-11-04 10:17:52] request.ERROR: Symfony\Component\HttpKernel\Exception\NotFoundHttpException: No route found for "GET /stylesheet" (uncaught exception) at /home/desarrollo/Documentos/src/matilti/vendor/symfony/src/Symfony/Bundle/FrameworkBundle/EventListener/RouterListener.php line 83 [] []
[2013-11-04 10:18:51] security.INFO: Populated SecurityContext with an anonymous Token [] []
[2013-11-04 10:18:51] request.ERROR: Symfony\Component\HttpKernel\Exception\NotFoundHttpException: No route found for "GET /bundles/framework/css/exception.css" (uncaught exception) at /home/desarrollo/Documentos/src/matilti/app/cache/prod/classes.php line 4564 [] []
[2013-11-04 10:18:51] security.INFO: Populated SecurityContext with an anonymous Token [] []
[2013-11-04 10:18:51] request.ERROR: Symfony\Component\HttpKernel\Exception\NotFoundHttpException: No route found for "GET /bundles/framework/css/exception_layout.css" (uncaught exception) at /home/desarrollo/Documentos/src/matilti/app/cache/prod/classes.php line 4564 [] []
[2013-11-04 10:18:51] security.INFO: Populated SecurityContext with an anonymous Token [] []
[2013-11-04 10:18:51] request.ERROR: Symfony\Component\HttpKernel\Exception\NotFoundHttpException: No route found for "GET /bundles/framework/images/logo_symfony.gif" (uncaught exception) at /home/desarrollo/Documentos/src/matilti/app/cache/prod/classes.php line 4564 [] []
[2013-11-04 10:18:51] security.INFO: Populated SecurityContext with an anonymous Token [] []
[2013-11-04 10:18:51] request.ERROR: Symfony\Component\HttpKernel\Exception\NotFoundHttpException: No route found for "GET /bundles/framework/images/grey_magnifier.png" (uncaught exception) at /home/desarrollo/Documentos/src/matilti/app/cache/prod/classes.php line 4564 [] []
[2013-11-04 10:18:51] security.INFO: Populated SecurityContext with an anonymous Token [] []
[2013-11-04 10:18:51] request.ERROR: Symfony\Component\HttpKernel\Exception\NotFoundHttpException: No route found for "GET /bundles/framework/images/blue_picto_less.gif" (uncaught exception) at /home/desarrollo/Documentos/src/matilti/app/cache/prod/classes.php line 4564 [] []
[2013-11-04 10:18:51] security.INFO: Populated SecurityContext with an anonymous Token [] []
[2013-11-04 10:18:51] request.ERROR: Symfony\Component\HttpKernel\Exception\NotFoundHttpException: No route found for "GET /bundles/framework/images/close_quote.gif" (uncaught exception) at /home/desarrollo/Documentos/src/matilti/app/cache/prod/classes.php line 4564 [] []
[2013-11-04 10:18:51] security.INFO: Populated SecurityContext with an anonymous Token [] []
[2013-11-04 10:18:51] request.ERROR: Symfony\Component\HttpKernel\Exception\NotFoundHttpException: No route found for "GET /bundles/framework/images/exception_detected.gif" (uncaught exception) at /home/desarrollo/Documentos/src/matilti/app/cache/prod/classes.php line 4564 [] []
[2013-11-04 10:18:51] security.INFO: Populated SecurityContext with an anonymous Token [] []
[2013-11-04 10:18:51] request.ERROR: Symfony\Component\HttpKernel\Exception\NotFoundHttpException: No route found for "GET /bundles/framework/images/blue_picto_more.gif" (uncaught exception) at /home/desarrollo/Documentos/src/matilti/app/cache/prod/classes.php line 4564 [] []
[2013-11-04 10:18:51] security.INFO: Populated SecurityContext with an anonymous Token [] []
[2013-11-04 10:18:51] request.ERROR: Symfony\Component\HttpKernel\Exception\NotFoundHttpException: No route found for "GET /bundles/framework/images/open_quote.gif" (uncaught exception) at /home/desarrollo/Documentos/src/matilti/app/cache/prod/classes.php line 4564 [] []
